2026-06-03 17:45:13 INFO [sentence_transformers.base.model] No device provided, using cpu
2026-06-03 17:45:14 INFO [sentence_transformers.base.model] Loading SentenceTransformer model from sentence-transformers/all-MiniLM-L6-v2.
2026-06-03 17:46:00 INFO [sentence_transformers.base.model] No device provided, using cpu
2026-06-03 17:46:01 INFO [sentence_transformers.base.model] Loading SentenceTransformer model from sentence-transformers/all-MiniLM-L6-v2.
2026-06-03 17:47:14 INFO [sentence_transformers.base.model] No device provided, using cpu
2026-06-03 17:47:15 INFO [sentence_transformers.base.model] Loading SentenceTransformer model from sentence-transformers/all-MiniLM-L6-v2.
2026-06-03 17:48:09 INFO [sentence_transformers.base.model] No device provided, using cpu
2026-06-03 17:48:10 INFO [sentence_transformers.base.model] Loading SentenceTransformer model from sentence-transformers/all-MiniLM-L6-v2.
2026-06-03 17:48:55 INFO [sentence_transformers.base.model] No device provided, using cpu
2026-06-03 17:48:56 INFO [sentence_transformers.base.model] Loading SentenceTransformer model from sentence-transformers/all-MiniLM-L6-v2.
2026-06-03 17:49:07 INFO [sentence_transformers.base.model] No device provided, using cpu
2026-06-03 17:49:08 INFO [sentence_transformers.base.model] Loading SentenceTransformer model from sentence-transformers/all-MiniLM-L6-v2.
2026-06-03 17:49:30 INFO [sentence_transformers.base.model] No device provided, using cpu
2026-06-03 17:49:31 INFO [sentence_transformers.base.model] Loading SentenceTransformer model from sentence-transformers/all-MiniLM-L6-v2.
2026-06-03 17:50:10 INFO [api] ✅ Cleaned up ongoing jobs on server restart
2026-06-03 17:50:10 INFO [api] Received file: HelpDesk Content Kasturi HR_EMP.pdf of type: application/pdf
2026-06-03 17:50:12 ERROR [ingest_pdf] Error ingesting PDF: 'Chroma' object has no attribute 'persist'
2026-06-03 18:00:32 INFO [sentence_transformers.base.model] No device provided, using cpu
2026-06-03 18:00:32 INFO [sentence_transformers.base.model] Loading SentenceTransformer model from sentence-transformers/all-MiniLM-L6-v2.
2026-06-03 18:00:45 INFO [sentence_transformers.base.model] No device provided, using cpu
2026-06-03 18:00:45 INFO [sentence_transformers.base.model] Loading SentenceTransformer model from sentence-transformers/all-MiniLM-L6-v2.
2026-06-03 18:03:02 INFO [sentence_transformers.base.model] No device provided, using cpu
2026-06-03 18:03:03 INFO [sentence_transformers.base.model] Loading SentenceTransformer model from sentence-transformers/all-MiniLM-L6-v2.
2026-06-03 18:05:24 INFO [api] ✅ Cleaned up ongoing jobs on server restart
2026-06-03 18:05:24 INFO [api] Received file: videoplayback.mp4 of type: video/mp4
2026-06-03 18:05:39 INFO [ingest_pdf]  PDF 'C:\Users\admin\Desktop\Enterprise-RAG\Voice-to-text\PDFs\videoplayback.pdf' embedded & stored!
2026-06-03 18:05:39 INFO [helper_function] Pipeline completed for videoplayback.mp4
2026-06-03 18:11:53 INFO [sentence_transformers.base.model] No device provided, using cpu
2026-06-03 18:11:54 INFO [sentence_transformers.base.model] Loading SentenceTransformer model from sentence-transformers/all-MiniLM-L6-v2.
2026-06-03 18:12:06 INFO [sentence_transformers.base.model] No device provided, using cpu
2026-06-03 18:12:06 INFO [sentence_transformers.base.model] Loading SentenceTransformer model from sentence-transformers/all-MiniLM-L6-v2.
2026-06-03 18:18:53 INFO [sentence_transformers.base.model] No device provided, using cpu
2026-06-03 18:18:54 INFO [sentence_transformers.base.model] Loading SentenceTransformer model from sentence-transformers/all-MiniLM-L6-v2.
2026-06-03 18:26:44 INFO [sentence_transformers.base.model] No device provided, using cpu
2026-06-03 18:26:45 INFO [sentence_transformers.base.model] Loading SentenceTransformer model from sentence-transformers/all-MiniLM-L6-v2.
